2023-11-10 13:40:05 [INFO] - Row=0 Column=0 Value=414 points = [[414, 385, 1]]
2023-11-10 13:40:05 [INFO] - Parameters = 1 414 385
2023-11-10 13:40:05 [INFO] - Row=0 Column=1 Value=385 points = [[414, 385, 1]]
2023-11-10 13:40:05 [INFO] - Parameters = 1 414 385
2023-11-10 13:40:05 [INFO] - Row=1 Column=0 Value=809 points = [[414, 385, 1], [809, 763, 2]]
2023-11-10 13:40:05 [INFO] - Parameters = 2 809 763
2023-11-10 13:40:05 [INFO] - Row=1 Column=1 Value=763 points = [[414, 385, 1], [809, 763, 2]]
2023-11-10 13:40:05 [INFO] - Parameters = 2 809 763
2023-11-10 13:40:06 [INFO] - Row=2 Column=0 Value=1613 points = [[414, 385, 1], [809, 763, 2], [1613, 468, 3003]]
2023-11-10 13:40:06 [INFO] - Parameters = 3003 1613 468
2023-11-10 13:40:06 [INFO] - Row=2 Column=1 Value=468 points = [[414, 385, 1], [809, 763, 2], [1613, 468, 3003]]
2023-11-10 13:40:06 [INFO] - Parameters = 3003 1613 468
2023-11-10 13:40:06 [INFO] - Row=3 Column=0 Value=1717 points = [[414, 385, 1], [809, 763, 2], [1613, 468, 3003], [1717, 894, 6004]]
2023-11-10 13:40:06 [INFO] - Parameters = 6004 1717 894
2023-11-10 13:40:06 [INFO] - Row=3 Column=1 Value=894 points = [[414, 385, 1], [809, 763, 2], [1613, 468, 3003], [1717, 894, 6004]]
2023-11-10 13:40:06 [INFO] - Parameters = 6004 1717 894
2023-11-10 13:40:08 [INFO] - Row=4 Column=0 Value=1351 points = [[414, 385, 1], [809, 763, 2], [1613, 468, 3003], [1717, 894, 6004], [1351, 1234, 9005]]
2023-11-10 13:40:08 [INFO] - Parameters = 9005 1351 1234
2023-11-10 13:40:08 [INFO] - Row=4 Column=1 Value=1234 points = [[414, 385, 1], [809, 763, 2], [1613, 468, 3003], [1717, 894, 6004], [1351, 1234, 9005]]
2023-11-10 13:40:08 [INFO] - Parameters = 9005 1351 1234
2023-11-10 13:40:09 [INFO] - Row=5 Column=0 Value=2052 points = [[414, 385, 1], [809, 763, 2], [1613, 468, 3003], [1717, 894, 6004], [1351, 1234, 9005], [2052, 1023, 12006]]
2023-11-10 13:40:09 [INFO] - Parameters = 12006 2052 1023
2023-11-10 13:40:09 [INFO] - Row=5 Column=1 Value=1023 points = [[414, 385, 1], [809, 763, 2], [1613, 468, 3003], [1717, 894, 6004], [1351, 1234, 9005], [2052, 1023, 12006]]
2023-11-10 13:40:09 [INFO] - Parameters = 12006 2052 1023
2023-11-10 13:40:10 [INFO] - Wybrany punkt = 6004 Punkty = [[414, 385, 1], [809, 763, 2], [1613, 468, 3003], [1717, 894, 6004], [1351, 1234, 9005], [2052, 1023, 12006]] Punkt = [1717, 894, 6004] Index punktu w punktach = 3
2023-11-10 13:40:10 [INFO] - Row=3 Column=0 Value=1719 points = [[414, 385, 1], [809, 763, 2], [1613, 468, 3003], [1719, 893, 6004], [1351, 1234, 9005], [2052, 1023, 12006]]
2023-11-10 13:40:10 [INFO] - Parameters = 6004 1719 893
2023-11-10 13:40:10 [INFO] - Row=3 Column=1 Value=893 points = [[414, 385, 1], [809, 763, 2], [1613, 468, 3003], [1719, 893, 6004], [1351, 1234, 9005], [2052, 1023, 12006]]
2023-11-10 13:40:10 [INFO] - Parameters = 6004 1719 893
2023-11-10 13:40:10 [INFO] - Wybrany punkt = 6004 Punkty = [[414, 385, 1], [809, 763, 2], [1613, 468, 3003], [1719, 893, 6004], [1351, 1234, 9005], [2052, 1023, 12006]] Punkt = [1719, 893, 6004] Index punktu w punktach = 3
2023-11-10 13:40:10 [INFO] - Row=3 Column=0 Value=1720 points = [[414, 385, 1], [809, 763, 2], [1613, 468, 3003], [1720, 893, 6004], [1351, 1234, 9005], [2052, 1023, 12006]]
2023-11-10 13:40:10 [INFO] - Parameters = 6004 1720 893
2023-11-10 13:40:10 [INFO] - Row=3 Column=1 Value=893 points = [[414, 385, 1], [809, 763, 2], [1613, 468, 3003], [1720, 893, 6004], [1351, 1234, 9005], [2052, 1023, 12006]]
2023-11-10 13:40:10 [INFO] - Parameters = 6004 1720 893
2023-11-10 13:40:10 [INFO] - Wybrany punkt = 6004 Punkty = [[414, 385, 1], [809, 763, 2], [1613, 468, 3003], [1720, 893, 6004], [1351, 1234, 9005], [2052, 1023, 12006]] Punkt = [1720, 893, 6004] Index punktu w punktach = 3
2023-11-10 13:40:10 [INFO] - Row=3 Column=0 Value=1723 points = [[414, 385, 1], [809, 763, 2], [1613, 468, 3003], [1723, 891, 6004], [1351, 1234, 9005], [2052, 1023, 12006]]
2023-11-10 13:40:10 [INFO] - Parameters = 6004 1723 891
2023-11-10 13:40:10 [INFO] - Row=3 Column=1 Value=891 points = [[414, 385, 1], [809, 763, 2], [1613, 468, 3003], [1723, 891, 6004], [1351, 1234, 9005], [2052, 1023, 12006]]
2023-11-10 13:40:10 [INFO] - Parameters = 6004 1723 891
2023-11-10 13:40:10 [INFO] - Wybrany punkt = 6004 Punkty = [[414, 385, 1], [809, 763, 2], [1613, 468, 3003], [1723, 891, 6004], [1351, 1234, 9005], [2052, 1023, 12006]] Punkt = [1723, 891, 6004] Index punktu w punktach = 3
2023-11-10 13:40:10 [INFO] - Row=3 Column=0 Value=1734 points = [[414, 385, 1], [809, 763, 2], [1613, 468, 3003], [1734, 889, 6004], [1351, 1234, 9005], [2052, 1023, 12006]]
2023-11-10 13:40:10 [INFO] - Parameters = 6004 1734 889
2023-11-10 13:40:10 [INFO] - Row=3 Column=1 Value=889 points = [[414, 385, 1], [809, 763, 2], [1613, 468, 3003], [1734, 889, 6004], [1351, 1234, 9005], [2052, 1023, 12006]]
2023-11-10 13:40:10 [INFO] - Parameters = 6004 1734 889
2023-11-10 13:40:10 [INFO] - Wybrany punkt = 6004 Punkty = [[414, 385, 1], [809, 763, 2], [1613, 468, 3003], [1734, 889, 6004], [1351, 1234, 9005], [2052, 1023, 12006]] Punkt = [1734, 889, 6004] Index punktu w punktach = 3
2023-11-10 13:40:10 [INFO] - Row=3 Column=0 Value=1748 points = [[414, 385, 1], [809, 763, 2], [1613, 468, 3003], [1748, 887, 6004], [1351, 1234, 9005], [2052, 1023, 12006]]
2023-11-10 13:40:10 [INFO] - Parameters = 6004 1748 887
2023-11-10 13:40:10 [INFO] - Row=3 Column=1 Value=887 points = [[414, 385, 1], [809, 763, 2], [1613, 468, 3003], [1748, 887, 6004], [1351, 1234, 9005], [2052, 1023, 12006]]
2023-11-10 13:40:10 [INFO] - Parameters = 6004 1748 887
2023-11-10 13:40:10 [INFO] - Wybrany punkt = 6004 Punkty = [[414, 385, 1], [809, 763, 2], [1613, 468, 3003], [1748, 887, 6004], [1351, 1234, 9005], [2052, 1023, 12006]] Punkt = [1748, 887, 6004] Index punktu w punktach = 3
2023-11-10 13:40:10 [INFO] - Row=3 Column=0 Value=1759 points = [[414, 385, 1], [809, 763, 2], [1613, 468, 3003], [1759, 886, 6004], [1351, 1234, 9005], [2052, 1023, 12006]]
2023-11-10 13:40:10 [INFO] - Parameters = 6004 1759 886
2023-11-10 13:40:10 [INFO] - Row=3 Column=1 Value=886 points = [[414, 385, 1], [809, 763, 2], [1613, 468, 3003], [1759, 886, 6004], [1351, 1234, 9005], [2052, 1023, 12006]]
2023-11-10 13:40:10 [INFO] - Parameters = 6004 1759 886
2023-11-10 13:40:17 [INFO] - Row=6 Column=0 Value=500 points = [[414, 385, 1], [809, 763, 2], [1613, 468, 3003], [1759, 886, 6004], [1351, 1234, 9005], [2052, 1023, 12006], [500, 50, 28007]]
2023-11-10 13:40:17 [INFO] - Parameters = 28007 500 50
2023-11-10 13:40:17 [INFO] - Row=6 Column=1 Value=50 points = [[414, 385, 1], [809, 763, 2], [1613, 468, 3003], [1759, 886, 6004], [1351, 1234, 9005], [2052, 1023, 12006], [500, 50, 28007]]
2023-11-10 13:40:17 [INFO] - Parameters = 28007 500 50
2023-11-10 13:40:19 [INFO] - Row=6 Column=0 Value=1500 points = [[414, 385, 1], [809, 763, 2], [1613, 468, 3003], [1759, 886, 6004], [1351, 1234, 9005], [2052, 1023, 12006], [1500, 50, 28007]]
2023-11-10 13:40:19 [INFO] - Parameters = 28007 1500 50
2023-11-10 13:41:40 [INFO] - Row=0 Column=0 Value=508 points = [[508, 539, 1]]
2023-11-10 13:41:40 [INFO] - Parameters = 1 508 539
2023-11-10 13:41:40 [INFO] - Row=0 Column=1 Value=539 points = [[508, 539, 1]]
2023-11-10 13:41:40 [INFO] - Parameters = 1 508 539
2023-11-10 13:41:40 [INFO] - Row=1 Column=0 Value=1075 points = [[508, 539, 1], [1075, 594, 2]]
2023-11-10 13:41:40 [INFO] - Parameters = 2 1075 594
2023-11-10 13:41:40 [INFO] - Row=1 Column=1 Value=594 points = [[508, 539, 1], [1075, 594, 2]]
2023-11-10 13:41:40 [INFO] - Parameters = 2 1075 594
2023-11-10 13:41:40 [INFO] - Row=2 Column=0 Value=1269 points = [[508, 539, 1], [1075, 594, 2], [1269, 1036, 3003]]
2023-11-10 13:41:40 [INFO] - Parameters = 3003 1269 1036
2023-11-10 13:41:40 [INFO] - Row=2 Column=1 Value=1036 points = [[508, 539, 1], [1075, 594, 2], [1269, 1036, 3003]]
2023-11-10 13:41:40 [INFO] - Parameters = 3003 1269 1036
2023-11-10 13:41:41 [INFO] - Row=3 Column=0 Value=1909 points = [[508, 539, 1], [1075, 594, 2], [1269, 1036, 3003], [1909, 773, 6004]]
2023-11-10 13:41:41 [INFO] - Parameters = 6004 1909 773
2023-11-10 13:41:41 [INFO] - Row=3 Column=1 Value=773 points = [[508, 539, 1], [1075, 594, 2], [1269, 1036, 3003], [1909, 773, 6004]]
2023-11-10 13:41:41 [INFO] - Parameters = 6004 1909 773
2023-11-10 13:41:41 [INFO] - Row=4 Column=0 Value=1511 points = [[508, 539, 1], [1075, 594, 2], [1269, 1036, 3003], [1909, 773, 6004], [1511, 282, 9005]]
2023-11-10 13:41:41 [INFO] - Parameters = 9005 1511 282
2023-11-10 13:41:41 [INFO] - Row=4 Column=1 Value=282 points = [[508, 539, 1], [1075, 594, 2], [1269, 1036, 3003], [1909, 773, 6004], [1511, 282, 9005]]
2023-11-10 13:41:41 [INFO] - Parameters = 9005 1511 282
2023-11-10 13:41:41 [INFO] - Row=5 Column=0 Value=860 points = [[508, 539, 1], [1075, 594, 2], [1269, 1036, 3003], [1909, 773, 6004], [1511, 282, 9005], [860, 37, 12006]]
2023-11-10 13:41:41 [INFO] - Parameters = 12006 860 37
2023-11-10 13:41:41 [INFO] - Row=5 Column=1 Value=37 points = [[508, 539, 1], [1075, 594, 2], [1269, 1036, 3003], [1909, 773, 6004], [1511, 282, 9005], [860, 37, 12006]]
2023-11-10 13:41:41 [INFO] - Parameters = 12006 860 37
2023-11-10 13:41:43 [INFO] - Wybrany punkt = 3003 Punkty = [[508, 539, 1], [1075, 594, 2], [1269, 1036, 3003], [1909, 773, 6004], [1511, 282, 9005], [860, 37, 12006]] Punkt = [1269, 1036, 3003] Index punktu w punktach = 2
2023-11-10 13:41:43 [INFO] - Row=2 Column=0 Value=1272 points = [[508, 539, 1], [1075, 594, 2], [1272, 1037, 3003], [1909, 773, 6004], [1511, 282, 9005], [860, 37, 12006]]
2023-11-10 13:41:43 [INFO] - Parameters = 3003 1272 1037
2023-11-10 13:41:43 [INFO] - Row=2 Column=1 Value=1037 points = [[508, 539, 1], [1075, 594, 2], [1272, 1037, 3003], [1909, 773, 6004], [1511, 282, 9005], [860, 37, 12006]]
2023-11-10 13:41:43 [INFO] - Parameters = 3003 1272 1037
2023-11-10 13:41:43 [INFO] - Wybrany punkt = 3003 Punkty = [[508, 539, 1], [1075, 594, 2], [1272, 1037, 3003], [1909, 773, 6004], [1511, 282, 9005], [860, 37, 12006]] Punkt = [1272, 1037, 3003] Index punktu w punktach = 2
2023-11-10 13:41:43 [INFO] - Row=2 Column=0 Value=1272 points = [[508, 539, 1], [1075, 594, 2], [1272, 1038, 3003], [1909, 773, 6004], [1511, 282, 9005], [860, 37, 12006]]
2023-11-10 13:41:43 [INFO] - Parameters = 3003 1272 1038
2023-11-10 13:41:43 [INFO] - Row=2 Column=1 Value=1038 points = [[508, 539, 1], [1075, 594, 2], [1272, 1038, 3003], [1909, 773, 6004], [1511, 282, 9005], [860, 37, 12006]]
2023-11-10 13:41:43 [INFO] - Parameters = 3003 1272 1038
2023-11-10 13:41:43 [INFO] - Wybrany punkt = 3003 Punkty = [[508, 539, 1], [1075, 594, 2], [1272, 1038, 3003], [1909, 773, 6004], [1511, 282, 9005], [860, 37, 12006]] Punkt = [1272, 1038, 3003] Index punktu w punktach = 2
2023-11-10 13:41:43 [INFO] - Row=2 Column=0 Value=1265 points = [[508, 539, 1], [1075, 594, 2], [1265, 1051, 3003], [1909, 773, 6004], [1511, 282, 9005], [860, 37, 12006]]
2023-11-10 13:41:43 [INFO] - Parameters = 3003 1265 1051
2023-11-10 13:41:43 [INFO] - Row=2 Column=1 Value=1051 points = [[508, 539, 1], [1075, 594, 2], [1265, 1051, 3003], [1909, 773, 6004], [1511, 282, 9005], [860, 37, 12006]]
2023-11-10 13:41:43 [INFO] - Parameters = 3003 1265 1051
2023-11-10 13:41:43 [INFO] - Wybrany punkt = 3003 Punkty = [[508, 539, 1], [1075, 594, 2], [1265, 1051, 3003], [1909, 773, 6004], [1511, 282, 9005], [860, 37, 12006]] Punkt = [1265, 1051, 3003] Index punktu w punktach = 2
2023-11-10 13:41:43 [INFO] - Row=2 Column=0 Value=1257 points = [[508, 539, 1], [1075, 594, 2], [1257, 1067, 3003], [1909, 773, 6004], [1511, 282, 9005], [860, 37, 12006]]
2023-11-10 13:41:43 [INFO] - Parameters = 3003 1257 1067
2023-11-10 13:41:43 [INFO] - Row=2 Column=1 Value=1067 points = [[508, 539, 1], [1075, 594, 2], [1257, 1067, 3003], [1909, 773, 6004], [1511, 282, 9005], [860, 37, 12006]]
2023-11-10 13:41:43 [INFO] - Parameters = 3003 1257 1067
2023-11-10 13:41:43 [INFO] - Wybrany punkt = 3003 Punkty = [[508, 539, 1], [1075, 594, 2], [1257, 1067, 3003], [1909, 773, 6004], [1511, 282, 9005], [860, 37, 12006]] Punkt = [1257, 1067, 3003] Index punktu w punktach = 2
2023-11-10 13:41:43 [INFO] - Row=2 Column=0 Value=1247 points = [[508, 539, 1], [1075, 594, 2], [1247, 1081, 3003], [1909, 773, 6004], [1511, 282, 9005], [860, 37, 12006]]
2023-11-10 13:41:43 [INFO] - Parameters = 3003 1247 1081
2023-11-10 13:41:43 [INFO] - Row=2 Column=1 Value=1081 points = [[508, 539, 1], [1075, 594, 2], [1247, 1081, 3003], [1909, 773, 6004], [1511, 282, 9005], [860, 37, 12006]]
2023-11-10 13:41:43 [INFO] - Parameters = 3003 1247 1081
2023-11-10 13:41:43 [INFO] - Wybrany punkt = 3003 Punkty = [[508, 539, 1], [1075, 594, 2], [1247, 1081, 3003], [1909, 773, 6004], [1511, 282, 9005], [860, 37, 12006]] Punkt = [1247, 1081, 3003] Index punktu w punktach = 2
2023-11-10 13:41:43 [INFO] - Row=2 Column=0 Value=1240 points = [[508, 539, 1], [1075, 594, 2], [1240, 1093, 3003], [1909, 773, 6004], [1511, 282, 9005], [860, 37, 12006]]
2023-11-10 13:41:43 [INFO] - Parameters = 3003 1240 1093
2023-11-10 13:41:43 [INFO] - Row=2 Column=1 Value=1093 points = [[508, 539, 1], [1075, 594, 2], [1240, 1093, 3003], [1909, 773, 6004], [1511, 282, 9005], [860, 37, 12006]]
2023-11-10 13:41:43 [INFO] - Parameters = 3003 1240 1093
2023-11-10 13:41:43 [INFO] - Wybrany punkt = 3003 Punkty = [[508, 539, 1], [1075, 594, 2], [1240, 1093, 3003], [1909, 773, 6004], [1511, 282, 9005], [860, 37, 12006]] Punkt = [1240, 1093, 3003] Index punktu w punktach = 2
2023-11-10 13:41:43 [INFO] - Row=2 Column=0 Value=1236 points = [[508, 539, 1], [1075, 594, 2], [1236, 1101, 3003], [1909, 773, 6004], [1511, 282, 9005], [860, 37, 12006]]
2023-11-10 13:41:43 [INFO] - Parameters = 3003 1236 1101
2023-11-10 13:41:43 [INFO] - Row=2 Column=1 Value=1101 points = [[508, 539, 1], [1075, 594, 2], [1236, 1101, 3003], [1909, 773, 6004], [1511, 282, 9005], [860, 37, 12006]]
2023-11-10 13:41:43 [INFO] - Parameters = 3003 1236 1101
2023-11-10 13:41:43 [INFO] - Wybrany punkt = 3003 Punkty = [[508, 539, 1], [1075, 594, 2], [1236, 1101, 3003], [1909, 773, 6004], [1511, 282, 9005], [860, 37, 12006]] Punkt = [1236, 1101, 3003] Index punktu w punktach = 2
2023-11-10 13:41:43 [INFO] - Row=2 Column=0 Value=1235 points = [[508, 539, 1], [1075, 594, 2], [1235, 1102, 3003], [1909, 773, 6004], [1511, 282, 9005], [860, 37, 12006]]
2023-11-10 13:41:43 [INFO] - Parameters = 3003 1235 1102
2023-11-10 13:41:43 [INFO] - Row=2 Column=1 Value=1102 points = [[508, 539, 1], [1075, 594, 2], [1235, 1102, 3003], [1909, 773, 6004], [1511, 282, 9005], [860, 37, 12006]]
2023-11-10 13:41:43 [INFO] - Parameters = 3003 1235 1102
2023-11-10 13:41:44 [INFO] - Wybrany punkt = 2 Punkty = [[508, 539, 1], [1075, 594, 2], [1235, 1102, 3003], [1909, 773, 6004], [1511, 282, 9005], [860, 37, 12006]] Punkt = [1075, 594, 2] Index punktu w punktach = 1
2023-11-10 13:41:44 [INFO] - Row=1 Column=0 Value=1074 points = [[508, 539, 1], [1074, 590, 2], [1235, 1102, 3003], [1909, 773, 6004], [1511, 282, 9005], [860, 37, 12006]]
2023-11-10 13:41:44 [INFO] - Parameters = 2 1074 590
2023-11-10 13:41:44 [INFO] - Row=1 Column=1 Value=590 points = [[508, 539, 1], [1074, 590, 2], [1235, 1102, 3003], [1909, 773, 6004], [1511, 282, 9005], [860, 37, 12006]]
2023-11-10 13:41:44 [INFO] - Parameters = 2 1074 590
2023-11-10 13:41:44 [INFO] - Wybrany punkt = 2 Punkty = [[508, 539, 1], [1074, 590, 2], [1235, 1102, 3003], [1909, 773, 6004], [1511, 282, 9005], [860, 37, 12006]] Punkt = [1074, 590, 2] Index punktu w punktach = 1
2023-11-10 13:41:44 [INFO] - Row=1 Column=0 Value=1072 points = [[508, 539, 1], [1072, 585, 2], [1235, 1102, 3003], [1909, 773, 6004], [1511, 282, 9005], [860, 37, 12006]]
2023-11-10 13:41:44 [INFO] - Parameters = 2 1072 585
2023-11-10 13:41:44 [INFO] - Row=1 Column=1 Value=585 points = [[508, 539, 1], [1072, 585, 2], [1235, 1102, 3003], [1909, 773, 6004], [1511, 282, 9005], [860, 37, 12006]]
2023-11-10 13:41:44 [INFO] - Parameters = 2 1072 585
2023-11-10 13:41:44 [INFO] - Wybrany punkt = 2 Punkty = [[508, 539, 1], [1072, 585, 2], [1235, 1102, 3003], [1909, 773, 6004], [1511, 282, 9005], [860, 37, 12006]] Punkt = [1072, 585, 2] Index punktu w punktach = 1
2023-11-10 13:41:44 [INFO] - Row=1 Column=0 Value=1069 points = [[508, 539, 1], [1069, 568, 2], [1235, 1102, 3003], [1909, 773, 6004], [1511, 282, 9005], [860, 37, 12006]]
2023-11-10 13:41:44 [INFO] - Parameters = 2 1069 568
2023-11-10 13:41:44 [INFO] - Row=1 Column=1 Value=568 points = [[508, 539, 1], [1069, 568, 2], [1235, 1102, 3003], [1909, 773, 6004], [1511, 282, 9005], [860, 37, 12006]]
2023-11-10 13:41:44 [INFO] - Parameters = 2 1069 568
2023-11-10 13:41:44 [INFO] - Wybrany punkt = 2 Punkty = [[508, 539, 1], [1069, 568, 2], [1235, 1102, 3003], [1909, 773, 6004], [1511, 282, 9005], [860, 37, 12006]] Punkt = [1069, 568, 2] Index punktu w punktach = 1
2023-11-10 13:41:44 [INFO] - Row=1 Column=0 Value=1057 points = [[508, 539, 1], [1057, 531, 2], [1235, 1102, 3003], [1909, 773, 6004], [1511, 282, 9005], [860, 37, 12006]]
2023-11-10 13:41:44 [INFO] - Parameters = 2 1057 531
2023-11-10 13:41:44 [INFO] - Row=1 Column=1 Value=531 points = [[508, 539, 1], [1057, 531, 2], [1235, 1102, 3003], [1909, 773, 6004], [1511, 282, 9005], [860, 37, 12006]]
2023-11-10 13:41:44 [INFO] - Parameters = 2 1057 531
2023-11-10 13:41:44 [INFO] - Wybrany punkt = 2 Punkty = [[508, 539, 1], [1057, 531, 2], [1235, 1102, 3003], [1909, 773, 6004], [1511, 282, 9005], [860, 37, 12006]] Punkt = [1057, 531, 2] Index punktu w punktach = 1
2023-11-10 13:41:44 [INFO] - Row=1 Column=0 Value=1045 points = [[508, 539, 1], [1045, 505, 2], [1235, 1102, 3003], [1909, 773, 6004], [1511, 282, 9005], [860, 37, 12006]]
2023-11-10 13:41:44 [INFO] - Parameters = 2 1045 505
2023-11-10 13:41:44 [INFO] - Row=1 Column=1 Value=505 points = [[508, 539, 1], [1045, 505, 2], [1235, 1102, 3003], [1909, 773, 6004], [1511, 282, 9005], [860, 37, 12006]]
2023-11-10 13:41:44 [INFO] - Parameters = 2 1045 505
2023-11-10 13:41:44 [INFO] - Wybrany punkt = 2 Punkty = [[508, 539, 1], [1045, 505, 2], [1235, 1102, 3003], [1909, 773, 6004], [1511, 282, 9005], [860, 37, 12006]] Punkt = [1045, 505, 2] Index punktu w punktach = 1
2023-11-10 13:41:44 [INFO] - Row=1 Column=0 Value=1037 points = [[508, 539, 1], [1037, 487, 2], [1235, 1102, 3003], [1909, 773, 6004], [1511, 282, 9005], [860, 37, 12006]]
2023-11-10 13:41:44 [INFO] - Parameters = 2 1037 487
2023-11-10 13:41:44 [INFO] - Row=1 Column=1 Value=487 points = [[508, 539, 1], [1037, 487, 2], [1235, 1102, 3003], [1909, 773, 6004], [1511, 282, 9005], [860, 37, 12006]]
2023-11-10 13:41:44 [INFO] - Parameters = 2 1037 487
2023-11-10 13:41:44 [INFO] - Wybrany punkt = 2 Punkty = [[508, 539, 1], [1037, 487, 2], [1235, 1102, 3003], [1909, 773, 6004], [1511, 282, 9005], [860, 37, 12006]] Punkt = [1037, 487, 2] Index punktu w punktach = 1
2023-11-10 13:41:44 [INFO] - Row=1 Column=0 Value=1031 points = [[508, 539, 1], [1031, 473, 2], [1235, 1102, 3003], [1909, 773, 6004], [1511, 282, 9005], [860, 37, 12006]]
2023-11-10 13:41:44 [INFO] - Parameters = 2 1031 473
2023-11-10 13:41:44 [INFO] - Row=1 Column=1 Value=473 points = [[508, 539, 1], [1031, 473, 2], [1235, 1102, 3003], [1909, 773, 6004], [1511, 282, 9005], [860, 37, 12006]]
2023-11-10 13:41:44 [INFO] - Parameters = 2 1031 473
2023-11-10 13:41:44 [INFO] - Wybrany punkt = 2 Punkty = [[508, 539, 1], [1031, 473, 2], [1235, 1102, 3003], [1909, 773, 6004], [1511, 282, 9005], [860, 37, 12006]] Punkt = [1031, 473, 2] Index punktu w punktach = 1
2023-11-10 13:41:44 [INFO] - Row=1 Column=0 Value=1028 points = [[508, 539, 1], [1028, 470, 2], [1235, 1102, 3003], [1909, 773, 6004], [1511, 282, 9005], [860, 37, 12006]]
2023-11-10 13:41:44 [INFO] - Parameters = 2 1028 470
2023-11-10 13:41:44 [INFO] - Row=1 Column=1 Value=470 points = [[508, 539, 1], [1028, 470, 2], [1235, 1102, 3003], [1909, 773, 6004], [1511, 282, 9005], [860, 37, 12006]]
2023-11-10 13:41:44 [INFO] - Parameters = 2 1028 470
2023-11-10 13:41:45 [INFO] - Wybrany punkt = 1 Punkty = [[508, 539, 1], [1028, 470, 2], [1235, 1102, 3003], [1909, 773, 6004], [1511, 282, 9005], [860, 37, 12006]] Punkt = [508, 539, 1] Index punktu w punktach = 0
2023-11-10 13:41:45 [INFO] - Row=0 Column=0 Value=507 points = [[507, 541, 1], [1028, 470, 2], [1235, 1102, 3003], [1909, 773, 6004], [1511, 282, 9005], [860, 37, 12006]]
2023-11-10 13:41:45 [INFO] - Parameters = 1 507 541
2023-11-10 13:41:45 [INFO] - Row=0 Column=1 Value=541 points = [[507, 541, 1], [1028, 470, 2], [1235, 1102, 3003], [1909, 773, 6004], [1511, 282, 9005], [860, 37, 12006]]
2023-11-10 13:41:45 [INFO] - Parameters = 1 507 541
2023-11-10 13:41:45 [INFO] - Wybrany punkt = 1 Punkty = [[507, 541, 1], [1028, 470, 2], [1235, 1102, 3003], [1909, 773, 6004], [1511, 282, 9005], [860, 37, 12006]] Punkt = [507, 541, 1] Index punktu w punktach = 0
2023-11-10 13:41:45 [INFO] - Row=0 Column=0 Value=505 points = [[505, 544, 1], [1028, 470, 2], [1235, 1102, 3003], [1909, 773, 6004], [1511, 282, 9005], [860, 37, 12006]]
2023-11-10 13:41:45 [INFO] - Parameters = 1 505 544
2023-11-10 13:41:45 [INFO] - Row=0 Column=1 Value=544 points = [[505, 544, 1], [1028, 470, 2], [1235, 1102, 3003], [1909, 773, 6004], [1511, 282, 9005], [860, 37, 12006]]
2023-11-10 13:41:45 [INFO] - Parameters = 1 505 544
2023-11-10 13:41:45 [INFO] - Wybrany punkt = 1 Punkty = [[505, 544, 1], [1028, 470, 2], [1235, 1102, 3003], [1909, 773, 6004], [1511, 282, 9005], [860, 37, 12006]] Punkt = [505, 544, 1] Index punktu w punktach = 0
2023-11-10 13:41:45 [INFO] - Row=0 Column=0 Value=484 points = [[484, 566, 1], [1028, 470, 2], [1235, 1102, 3003], [1909, 773, 6004], [1511, 282, 9005], [860, 37, 12006]]
2023-11-10 13:41:45 [INFO] - Parameters = 1 484 566
2023-11-10 13:41:45 [INFO] - Row=0 Column=1 Value=566 points = [[484, 566, 1], [1028, 470, 2], [1235, 1102, 3003], [1909, 773, 6004], [1511, 282, 9005], [860, 37, 12006]]
2023-11-10 13:41:45 [INFO] - Parameters = 1 484 566
2023-11-10 13:41:45 [INFO] - Wybrany punkt = 1 Punkty = [[484, 566, 1], [1028, 470, 2], [1235, 1102, 3003], [1909, 773, 6004], [1511, 282, 9005], [860, 37, 12006]] Punkt = [484, 566, 1] Index punktu w punktach = 0
2023-11-10 13:41:45 [INFO] - Row=0 Column=0 Value=434 points = [[434, 621, 1], [1028, 470, 2], [1235, 1102, 3003], [1909, 773, 6004], [1511, 282, 9005], [860, 37, 12006]]
2023-11-10 13:41:45 [INFO] - Parameters = 1 434 621
2023-11-10 13:41:45 [INFO] - Row=0 Column=1 Value=621 points = [[434, 621, 1], [1028, 470, 2], [1235, 1102, 3003], [1909, 773, 6004], [1511, 282, 9005], [860, 37, 12006]]
2023-11-10 13:41:45 [INFO] - Parameters = 1 434 621
2023-11-10 13:41:45 [INFO] - Wybrany punkt = 1 Punkty = [[434, 621, 1], [1028, 470, 2], [1235, 1102, 3003], [1909, 773, 6004], [1511, 282, 9005], [860, 37, 12006]] Punkt = [434, 621, 1] Index punktu w punktach = 0
2023-11-10 13:41:45 [INFO] - Row=0 Column=0 Value=404 points = [[404, 655, 1], [1028, 470, 2], [1235, 1102, 3003], [1909, 773, 6004], [1511, 282, 9005], [860, 37, 12006]]
2023-11-10 13:41:45 [INFO] - Parameters = 1 404 655
2023-11-10 13:41:45 [INFO] - Row=0 Column=1 Value=655 points = [[404, 655, 1], [1028, 470, 2], [1235, 1102, 3003], [1909, 773, 6004], [1511, 282, 9005], [860, 37, 12006]]
2023-11-10 13:41:45 [INFO] - Parameters = 1 404 655
2023-11-10 13:41:45 [INFO] - Wybrany punkt = 1 Punkty = [[404, 655, 1], [1028, 470, 2], [1235, 1102, 3003], [1909, 773, 6004], [1511, 282, 9005], [860, 37, 12006]] Punkt = [404, 655, 1] Index punktu w punktach = 0
2023-11-10 13:41:45 [INFO] - Row=0 Column=0 Value=389 points = [[389, 675, 1], [1028, 470, 2], [1235, 1102, 3003], [1909, 773, 6004], [1511, 282, 9005], [860, 37, 12006]]
2023-11-10 13:41:45 [INFO] - Parameters = 1 389 675
2023-11-10 13:41:45 [INFO] - Row=0 Column=1 Value=675 points = [[389, 675, 1], [1028, 470, 2], [1235, 1102, 3003], [1909, 773, 6004], [1511, 282, 9005], [860, 37, 12006]]
2023-11-10 13:41:45 [INFO] - Parameters = 1 389 675
2023-11-10 13:41:45 [INFO] - Wybrany punkt = 1 Punkty = [[389, 675, 1], [1028, 470, 2], [1235, 1102, 3003], [1909, 773, 6004], [1511, 282, 9005], [860, 37, 12006]] Punkt = [389, 675, 1] Index punktu w punktach = 0
2023-11-10 13:41:45 [INFO] - Row=0 Column=0 Value=381 points = [[381, 685, 1], [1028, 470, 2], [1235, 1102, 3003], [1909, 773, 6004], [1511, 282, 9005], [860, 37, 12006]]
2023-11-10 13:41:45 [INFO] - Parameters = 1 381 685
2023-11-10 13:41:45 [INFO] - Row=0 Column=1 Value=685 points = [[381, 685, 1], [1028, 470, 2], [1235, 1102, 3003], [1909, 773, 6004], [1511, 282, 9005], [860, 37, 12006]]
2023-11-10 13:41:45 [INFO] - Parameters = 1 381 685
2023-11-10 13:41:46 [INFO] - Wybrany punkt = 12006 Punkty = [[381, 685, 1], [1028, 470, 2], [1235, 1102, 3003], [1909, 773, 6004], [1511, 282, 9005], [860, 37, 12006]] Punkt = [860, 37, 12006] Index punktu w punktach = 5
2023-11-10 13:41:46 [INFO] - Row=5 Column=0 Value=856 points = [[381, 685, 1], [1028, 470, 2], [1235, 1102, 3003], [1909, 773, 6004], [1511, 282, 9005], [856, 36, 12006]]
2023-11-10 13:41:46 [INFO] - Parameters = 12006 856 36
2023-11-10 13:41:46 [INFO] - Row=5 Column=1 Value=36 points = [[381, 685, 1], [1028, 470, 2], [1235, 1102, 3003], [1909, 773, 6004], [1511, 282, 9005], [856, 36, 12006]]
2023-11-10 13:41:46 [INFO] - Parameters = 12006 856 36
2023-11-10 13:41:46 [INFO] - Wybrany punkt = 12006 Punkty = [[381, 685, 1], [1028, 470, 2], [1235, 1102, 3003], [1909, 773, 6004], [1511, 282, 9005], [856, 36, 12006]] Punkt = [856, 36, 12006] Index punktu w punktach = 5
2023-11-10 13:41:46 [INFO] - Row=5 Column=0 Value=852 points = [[381, 685, 1], [1028, 470, 2], [1235, 1102, 3003], [1909, 773, 6004], [1511, 282, 9005], [852, 37, 12006]]
2023-11-10 13:41:46 [INFO] - Parameters = 12006 852 37
2023-11-10 13:41:46 [INFO] - Row=5 Column=1 Value=37 points = [[381, 685, 1], [1028, 470, 2], [1235, 1102, 3003], [1909, 773, 6004], [1511, 282, 9005], [852, 37, 12006]]
2023-11-10 13:41:46 [INFO] - Parameters = 12006 852 37
2023-11-10 13:41:46 [INFO] - Wybrany punkt = 12006 Punkty = [[381, 685, 1], [1028, 470, 2], [1235, 1102, 3003], [1909, 773, 6004], [1511, 282, 9005], [852, 37, 12006]] Punkt = [852, 37, 12006] Index punktu w punktach = 5
2023-11-10 13:41:46 [INFO] - Row=5 Column=0 Value=845 points = [[381, 685, 1], [1028, 470, 2], [1235, 1102, 3003], [1909, 773, 6004], [1511, 282, 9005], [845, 39, 12006]]
2023-11-10 13:41:46 [INFO] - Parameters = 12006 845 39
2023-11-10 13:41:46 [INFO] - Row=5 Column=1 Value=39 points = [[381, 685, 1], [1028, 470, 2], [1235, 1102, 3003], [1909, 773, 6004], [1511, 282, 9005], [845, 39, 12006]]
2023-11-10 13:41:46 [INFO] - Parameters = 12006 845 39
2023-11-10 13:41:46 [INFO] - Wybrany punkt = 12006 Punkty = [[381, 685, 1], [1028, 470, 2], [1235, 1102, 3003], [1909, 773, 6004], [1511, 282, 9005], [845, 39, 12006]] Punkt = [845, 39, 12006] Index punktu w punktach = 5
2023-11-10 13:41:46 [INFO] - Row=5 Column=0 Value=819 points = [[381, 685, 1], [1028, 470, 2], [1235, 1102, 3003], [1909, 773, 6004], [1511, 282, 9005], [819, 45, 12006]]
2023-11-10 13:41:46 [INFO] - Parameters = 12006 819 45
2023-11-10 13:41:46 [INFO] - Row=5 Column=1 Value=45 points = [[381, 685, 1], [1028, 470, 2], [1235, 1102, 3003], [1909, 773, 6004], [1511, 282, 9005], [819, 45, 12006]]
2023-11-10 13:41:46 [INFO] - Parameters = 12006 819 45
2023-11-10 13:41:46 [INFO] - Wybrany punkt = 12006 Punkty = [[381, 685, 1], [1028, 470, 2], [1235, 1102, 3003], [1909, 773, 6004], [1511, 282, 9005], [819, 45, 12006]] Punkt = [819, 45, 12006] Index punktu w punktach = 5
2023-11-10 13:41:46 [INFO] - Row=5 Column=0 Value=771 points = [[381, 685, 1], [1028, 470, 2], [1235, 1102, 3003], [1909, 773, 6004], [1511, 282, 9005], [771, 56, 12006]]
2023-11-10 13:41:46 [INFO] - Parameters = 12006 771 56
2023-11-10 13:41:46 [INFO] - Row=5 Column=1 Value=56 points = [[381, 685, 1], [1028, 470, 2], [1235, 1102, 3003], [1909, 773, 6004], [1511, 282, 9005], [771, 56, 12006]]
2023-11-10 13:41:46 [INFO] - Parameters = 12006 771 56
2023-11-10 13:41:46 [INFO] - Wybrany punkt = 12006 Punkty = [[381, 685, 1], [1028, 470, 2], [1235, 1102, 3003], [1909, 773, 6004], [1511, 282, 9005], [771, 56, 12006]] Punkt = [771, 56, 12006] Index punktu w punktach = 5
2023-11-10 13:41:46 [INFO] - Row=5 Column=0 Value=713 points = [[381, 685, 1], [1028, 470, 2], [1235, 1102, 3003], [1909, 773, 6004], [1511, 282, 9005], [713, 68, 12006]]
2023-11-10 13:41:46 [INFO] - Parameters = 12006 713 68
2023-11-10 13:41:46 [INFO] - Row=5 Column=1 Value=68 points = [[381, 685, 1], [1028, 470, 2], [1235, 1102, 3003], [1909, 773, 6004], [1511, 282, 9005], [713, 68, 12006]]
2023-11-10 13:41:46 [INFO] - Parameters = 12006 713 68
2023-11-10 13:41:47 [INFO] - Wybrany punkt = 12006 Punkty = [[381, 685, 1], [1028, 470, 2], [1235, 1102, 3003], [1909, 773, 6004], [1511, 282, 9005], [713, 68, 12006]] Punkt = [713, 68, 12006] Index punktu w punktach = 5
2023-11-10 13:41:47 [INFO] - Row=5 Column=0 Value=687 points = [[381, 685, 1], [1028, 470, 2], [1235, 1102, 3003], [1909, 773, 6004], [1511, 282, 9005], [687, 75, 12006]]
2023-11-10 13:41:47 [INFO] - Parameters = 12006 687 75
2023-11-10 13:41:47 [INFO] - Row=5 Column=1 Value=75 points = [[381, 685, 1], [1028, 470, 2], [1235, 1102, 3003], [1909, 773, 6004], [1511, 282, 9005], [687, 75, 12006]]
2023-11-10 13:41:47 [INFO] - Parameters = 12006 687 75
2023-11-10 13:41:52 [INFO] - Row=6 Column=0 Value=200 points = [[381, 685, 1], [1028, 470, 2], [1235, 1102, 3003], [1909, 773, 6004], [1511, 282, 9005], [687, 75, 12006], [200, 300, 79007]]
2023-11-10 13:41:52 [INFO] - Parameters = 79007 200 300
2023-11-10 13:41:52 [INFO] - Row=6 Column=1 Value=300 points = [[381, 685, 1], [1028, 470, 2], [1235, 1102, 3003], [1909, 773, 6004], [1511, 282, 9005], [687, 75, 12006], [200, 300, 79007]]
2023-11-10 13:41:52 [INFO] - Parameters = 79007 200 300
2023-11-10 13:41:57 [INFO] - Row=6 Column=1 Value=1300 points = [[381, 685, 1], [1028, 470, 2], [1235, 1102, 3003], [1909, 773, 6004], [1511, 282, 9005], [687, 75, 12006], [200, 1300, 79007]]
2023-11-10 13:41:57 [INFO] - Parameters = 79007 200 1300
